<?xml version="1.0" encoding="UTF-8" ?>
<testsuite errors="0" failures="0" hostname="Dell" name="org.cashforward.persistence.PaymentCalculationTest" tests="1" time="6.734" timestamp="2008-05-13T01:29:48">
  <properties>
[...]
</properties>
  <testcase classname="org.cashforward.persistence.PaymentCalculationTest" name="testPaymentConsolidation" time="0.453" />
  <system-out><![CDATA[21:29:48,875  INFO Version:15 - Hibernate EntityManager 3.2.0.CR2
21:29:48,937  INFO Version:15 - Hibernate Annotations 3.2.0.CR2
21:29:48,968  INFO Environment:500 - Hibernate 3.2 cr4
21:29:48,984  INFO Environment:533 - hibernate.properties not found
21:29:48,984  INFO Environment:667 - Bytecode provider name : cglib
21:29:48,984  INFO Environment:584 - using JDK 1.4 java.sql.Timestamp handling
21:29:49,203 DEBUG Ejb3Configuration:192 - Look up for persistence unit: CashFXPersistenceTest
21:29:49,328 DEBUG Ejb3Configuration:204 - Analyse of persistence.xml: file:/C:/development/CashForward/CashForwardPersistence/build/classes/META-INF/persistence.xml
21:29:50,078 DEBUG PersistenceXmlLoader:115 - Persistent Unit name from persistence.xml: CashFXPersistence
21:29:50,093 DEBUG PersistenceXmlLoader:115 - Persistent Unit name from persistence.xml: CashFXPersistenceTest
21:29:50,093 DEBUG Ejb3Configuration:211 - PersistenceMetadata [
	name: CashFXPersistence
	jtaDataSource: null
	nonJtaDataSource: null
	transactionType: RESOURCE_LOCAL
	provider: org.hibernate.ejb.HibernatePersistence
	classes[
		org.cashforward.PaymentOverride		org.cashforward.Label		org.cashforward.Payment		org.cashforward.Payee	]
	packages[
	]
	mappingFiles[
	]
	jarFiles[
	]
	hbmfiles: 0
	properties[
		hibernate.connection.username: sa
		hibernate.connection.password: 
		hibernate.dialect: org.hibernate.dialect.H2Dialect
		hibernate.show_sql: true
		hibernate.connection.url: jdbc:h2:cashflow;FILE_LOCK=NO
		hibernate.connection.driver_class: org.h2.Driver
		hibernate.hbm2ddl.auto: update
	]]
21:29:50,125 DEBUG Ejb3Configuration:519 - Detect class: true; detect hbm: true
21:29:50,156 DEBUG JarVisitor:192 - Searching mapped entities in jar/par: file:/C:/development/CashForward/CashForwardPersistence/build/classes
21:29:50,156 DEBUG Ejb3Configuration:211 - PersistenceMetadata [
	name: CashFXPersistenceTest
	jtaDataSource: null
	nonJtaDataSource: null
	transactionType: RESOURCE_LOCAL
	provider: org.hibernate.ejb.HibernatePersistence
	classes[
		org.cashforward.PaymentOverride		org.cashforward.Label		org.cashforward.Payment		org.cashforward.Payee	]
	packages[
	]
	mappingFiles[
	]
	jarFiles[
	]
	hbmfiles: 0
	properties[
		hibernate.connection.username: sa
		hibernate.connection.password: 
		hibernate.dialect: org.hibernate.dialect.H2Dialect
		hibernate.show_sql: true
		hibernate.connection.url: jdbc:h2:cashflow_test;FILE_LOCK=NO
		hibernate.connection.driver_class: org.h2.Driver
		hibernate.hbm2ddl.auto: create-drop
	]]
21:29:50,171 DEBUG Ejb3Configuration:519 - Detect class: true; detect hbm: true
21:29:50,171 DEBUG JarVisitor:192 - Searching mapped entities in jar/par: file:/C:/development/CashForward/CashForwardPersistence/build/classes
21:29:50,250 DEBUG JarVisitor:232 - Filtering: org.cashforward.Label
21:29:50,375 DEBUG JarVisitor:272 - Java element filter matched for org.cashforward.Label
21:29:50,375 DEBUG JarVisitor:232 - Filtering: org.cashforward.Payee
21:29:50,390 DEBUG JarVisitor:272 - Java element filter matched for org.cashforward.Payee
21:29:50,406 DEBUG JarVisitor:232 - Filtering: org.cashforward.Payment
21:29:50,421 DEBUG JarVisitor:272 - Java element filter matched for org.cashforward.Payment
21:29:50,421 DEBUG JarVisitor:232 - Filtering: org.cashforward.PaymentOverride
21:29:50,421 DEBUG JarVisitor:272 - Java element filter matched for org.cashforward.PaymentOverride
21:29:50,437 DEBUG JarVisitor:232 - Filtering: org.cashforward.persistence.PersistenceManager
21:29:50,453 DEBUG JarVisitor:232 - Filtering: org.cashforward.persistence.PersistenceService
21:29:50,484 DEBUG Ejb3Configuration:519 - Detect class: true; detect hbm: true
21:29:50,484 DEBUG Ejb3Configuration:149 - Creating Factory: CashFXPersistenceTest
21:29:50,781  INFO AnnotationBinder:387 - Binding entity from annotated class: org.cashforward.PaymentOverride
21:29:50,859  INFO EntityBinder:340 - Bind entity org.cashforward.PaymentOverride on table PAYMENT_OVERRIDE
21:29:50,968  INFO AnnotationBinder:387 - Binding entity from annotated class: org.cashforward.Label
21:29:50,968  INFO QueryBinder:64 - Binding Named query: Label.findById => SELECT l FROM Label l WHERE l.id = :id
21:29:50,984  INFO QueryBinder:64 - Binding Named query: Label.findByName => SELECT l FROM Label l WHERE l.name = :name
21:29:50,984  INFO EntityBinder:340 - Bind entity org.cashforward.Label on table LABEL
21:29:50,984  INFO AnnotationBinder:387 - Binding entity from annotated class: org.cashforward.Payment
21:29:50,984  INFO EntityBinder:340 - Bind entity org.cashforward.Payment on table PAYMENT
21:29:51,078  INFO AnnotationBinder:387 - Binding entity from annotated class: org.cashforward.Payee
21:29:51,078  INFO QueryBinder:64 - Binding Named query: Payee.findById => SELECT p FROM Payee p WHERE p.id = :id
21:29:51,109  INFO QueryBinder:64 - Binding Named query: Payee.findByName => SELECT p FROM Payee p WHERE p.name = :name
21:29:51,109  INFO EntityBinder:340 - Bind entity org.cashforward.Payee on table PAYEE
21:29:51,250  INFO CollectionBinder:594 - Mapping collection: org.cashforward.Payment.overrides -> PAYMENT_OVERRIDE
21:29:51,375 DEBUG NamingHelper:30 - Not Ejb3Configuration to JNDI, no JNDI name configured
21:29:51,421  INFO DriverManagerConnectionProvider:41 - Using Hibernate built-in connection pool (not for production use!)
21:29:51,437  INFO DriverManagerConnectionProvider:42 - Hibernate connection pool size: 20
21:29:51,437  INFO DriverManagerConnectionProvider:45 - autocommit mode: true
21:29:51,468  INFO DriverManagerConnectionProvider:80 - using driver: org.h2.Driver at URL: jdbc:h2:cashflow_test;FILE_LOCK=NO
21:29:51,468  INFO DriverManagerConnectionProvider:86 - connection properties: {user=sa, password=****, autocommit=true, release_mode=auto}
21:29:52,015  INFO SettingsFactory:81 - RDBMS: H2, version: 0.9 (2006-08-12 / Beta)
21:29:52,031  INFO SettingsFactory:82 - JDBC driver: H2 JDBC Driver, version: 0.9 (2006-08-12 / Beta)
21:29:52,093  INFO Dialect:141 - Using dialect: org.hibernate.dialect.H2Dialect
21:29:52,109  INFO TransactionFactoryFactory:34 - Transaction strategy: org.hibernate.transaction.JDBCTransactionFactory
21:29:52,109  INFO TransactionManagerLookupFactory:33 - No TransactionManagerLookup configured (in JTA environment, use of read-write or transactional second-level cache is not recommended)
21:29:52,109  INFO SettingsFactory:134 - Automatic flush during beforeCompletion(): disabled
21:29:52,109  INFO SettingsFactory:138 - Automatic session close at end of transaction: disabled
21:29:52,109  INFO SettingsFactory:145 - JDBC batch size: 15
21:29:52,109  INFO SettingsFactory:148 - JDBC batch updates for versioned data: disabled
21:29:52,125  INFO SettingsFactory:153 - Scrollable result sets: enabled
21:29:52,125  INFO SettingsFactory:161 - JDBC3 getGeneratedKeys(): enabled
21:29:52,125  INFO SettingsFactory:169 - Connection release mode: auto
21:29:52,125  INFO SettingsFactory:196 - Default batch fetch size: 1
21:29:52,125  INFO SettingsFactory:200 - Generate SQL with comments: disabled
21:29:52,125  INFO SettingsFactory:204 - Order SQL updates by primary key: disabled
21:29:52,125  INFO SettingsFactory:369 - Query translator: org.hibernate.hql.ast.ASTQueryTranslatorFactory
21:29:52,125  INFO ASTQueryTranslatorFactory:24 - Using ASTQueryTranslatorFactory
21:29:52,140  INFO SettingsFactory:212 - Query language substitutions: {}
21:29:52,140  INFO SettingsFactory:217 - JPA-QL strict compliance: enabled
21:29:52,140  INFO SettingsFactory:222 - Second-level cache: enabled
21:29:52,140  INFO SettingsFactory:226 - Query cache: disabled
21:29:52,140  INFO SettingsFactory:356 - Cache provider: org.hibernate.cache.NoCacheProvider
21:29:52,140  INFO SettingsFactory:241 - Optimize cache for minimal puts: disabled
21:29:52,140  INFO SettingsFactory:250 - Structured second-level cache entries: disabled
21:29:52,156  INFO SettingsFactory:270 - Echoing all SQL to stdout
21:29:52,156  INFO SettingsFactory:277 - Statistics: disabled
21:29:52,156  INFO SettingsFactory:281 - Deleted entity synthetic identifier rollback: disabled
21:29:52,156  INFO SettingsFactory:296 - Default entity-mode: pojo
21:29:52,265  INFO SessionFactoryImpl:161 - building session factory
21:29:53,046  INFO SessionFactoryObjectFactory:82 - Not binding factory to JNDI, no JNDI name configured
21:29:53,140  INFO SchemaExport:154 - Running hbm2ddl schema export
21:29:53,156 DEBUG SchemaExport:170 - import file not found: /import.sql
21:29:53,156  INFO SchemaExport:179 - exporting generated schema to database
21:29:53,171 DEBUG SchemaExport:303 - alter table PAYMENT drop constraint FKFBE7BDE6712F6354
21:29:53,281 DEBUG SchemaExport:288 - Unsuccessful: alter table PAYMENT drop constraint FKFBE7BDE6712F6354
21:29:53,281 DEBUG SchemaExport:289 - Constraint FKFBE7BDE6712F6354 not found [90057-21]
21:29:53,281 DEBUG SchemaExport:303 - alter table PAYMENT_LABEL drop constraint FK59A9233B7F204F82
21:29:53,281 DEBUG SchemaExport:288 - Unsuccessful: alter table PAYMENT_LABEL drop constraint FK59A9233B7F204F82
21:29:53,281 DEBUG SchemaExport:289 - Constraint FK59A9233B7F204F82 not found [90057-21]
21:29:53,281 DEBUG SchemaExport:303 - alter table PAYMENT_LABEL drop constraint FK59A9233BB6072866
21:29:53,328 DEBUG SchemaExport:288 - Unsuccessful: alter table PAYMENT_LABEL drop constraint FK59A9233BB6072866
21:29:53,328 DEBUG SchemaExport:289 - Constraint FK59A9233BB6072866 not found [90057-21]
21:29:53,328 DEBUG SchemaExport:303 - alter table PAYMENT_OVERRIDE drop constraint FK7E1AC2058AF1C414
21:29:53,328 DEBUG SchemaExport:288 - Unsuccessful: alter table PAYMENT_OVERRIDE drop constraint FK7E1AC2058AF1C414
21:29:53,328 DEBUG SchemaExport:289 - Constraint FK7E1AC2058AF1C414 not found [90057-21]
21:29:53,328 DEBUG SchemaExport:303 - drop table LABEL if exists
21:29:53,359 DEBUG SchemaExport:303 - drop table PAYEE if exists
21:29:53,375 DEBUG SchemaExport:303 - drop table PAYMENT if exists
21:29:53,390 DEBUG SchemaExport:303 - drop table PAYMENT_LABEL if exists
21:29:53,390 DEBUG SchemaExport:303 - drop table PAYMENT_OVERRIDE if exists
21:29:53,421 DEBUG SchemaExport:303 - create table LABEL (ID bigint generated by default as identity, NAME varchar(255) not null, primary key (ID))
21:29:53,421 DEBUG SchemaExport:303 - create table PAYEE (ID bigint generated by default as identity, NAME varchar(255) not null, primary key (ID))
21:29:53,421 DEBUG SchemaExport:303 - create table PAYMENT (ID bigint generated by default as identity, AMOUNT float not null, START_DATE date not null, END_DATE date not null, OCCURENCE varchar(255) not null, payee_ID bigint, primary key (ID))
21:29:53,437 DEBUG SchemaExport:303 - create table PAYMENT_LABEL (LABEL_ID bigint not null, PAYMENT_ID bigint not null)
21:29:53,437 DEBUG SchemaExport:303 - create table PAYMENT_OVERRIDE (ID bigint generated by default as identity, PAYMENT_DATE date not null, AMOUNT float not null, payment_ID bigint, primary key (ID))
21:29:53,437 DEBUG SchemaExport:303 - alter table PAYMENT add constraint FKFBE7BDE6712F6354 foreign key (payee_ID) references PAYEE
21:29:53,437 DEBUG SchemaExport:303 - alter table PAYMENT_LABEL add constraint FK59A9233B7F204F82 foreign key (PAYMENT_ID) references LABEL
21:29:53,453 DEBUG SchemaExport:303 - alter table PAYMENT_LABEL add constraint FK59A9233BB6072866 foreign key (LABEL_ID) references PAYMENT
21:29:53,453 DEBUG SchemaExport:303 - alter table PAYMENT_OVERRIDE add constraint FK7E1AC2058AF1C414 foreign key (payment_ID) references PAYMENT
21:29:53,453  INFO SchemaExport:196 - schema export complete
21:29:54,312 DEBUG SQL:393 - select label0_.ID as ID1_, label0_.NAME as NAME1_ from LABEL label0_ where label0_.NAME=?
Hibernate: select label0_.ID as ID1_, label0_.NAME as NAME1_ from LABEL label0_ where label0_.NAME=?
21:29:54,343 DEBUG StringType:80 - binding 'Dining' to parameter: 1
21:29:54,437 DEBUG SQL:393 - insert into LABEL (ID, NAME) values (null, ?)
Hibernate: insert into LABEL (ID, NAME) values (null, ?)
21:29:54,468 DEBUG StringType:80 - binding 'Dining' to parameter: 1
21:29:54,484 DEBUG SQL:393 - select payee0_.ID as ID3_, payee0_.NAME as NAME3_ from PAYEE payee0_ where payee0_.NAME=?
Hibernate: select payee0_.ID as ID3_, payee0_.NAME as NAME3_ from PAYEE payee0_ where payee0_.NAME=?
21:29:54,484 DEBUG StringType:80 - binding 'Chipotle' to parameter: 1
21:29:54,484 DEBUG SQL:393 - insert into PAYEE (ID, NAME) values (null, ?)
Hibernate: insert into PAYEE (ID, NAME) values (null, ?)
21:29:54,484 DEBUG StringType:80 - binding 'Chipotle' to parameter: 1
21:29:54,515 DEBUG SQL:393 - insert into PAYMENT (ID, payee_ID, AMOUNT, START_DATE, END_DATE, OCCURENCE) values (null, ?, ?, ?, ?, ?)
Hibernate: insert into PAYMENT (ID, payee_ID, AMOUNT, START_DATE, END_DATE, OCCURENCE) values (null, ?, ?, ?, ?, ?)
21:29:54,515 DEBUG LongType:80 - binding '1' to parameter: 1
21:29:54,515 DEBUG FloatType:80 - binding '6.75' to parameter: 2
21:29:54,531 DEBUG DateType:80 - binding '12 May 2008' to parameter: 3
21:29:54,531 DEBUG DateType:80 - binding '12 May 2008' to parameter: 4
21:29:54,531 DEBUG StringType:80 - binding 'ONCE' to parameter: 5
21:29:54,546 DEBUG SQL:393 - insert into PAYMENT_OVERRIDE (ID, payment_ID, PAYMENT_DATE, AMOUNT) values (null, ?, ?, ?)
Hibernate: insert into PAYMENT_OVERRIDE (ID, payment_ID, PAYMENT_DATE, AMOUNT) values (null, ?, ?, ?)
21:29:54,546 DEBUG LongType:80 - binding '1' to parameter: 1
21:29:54,546 DEBUG DateType:80 - binding '12 May 2008' to parameter: 2
21:29:54,546 DEBUG FloatType:80 - binding '5.0' to parameter: 3
21:29:54,562 DEBUG SQL:393 - insert into PAYMENT_LABEL (LABEL_ID, PAYMENT_ID) values (?, ?)
Hibernate: insert into PAYMENT_LABEL (LABEL_ID, PAYMENT_ID) values (?, ?)
21:29:54,578 DEBUG LongType:80 - binding '1' to parameter: 1
21:29:54,578 DEBUG LongType:80 - binding '1' to parameter: 2
Payment was added:1
]]></system-out>
  <system-err><![CDATA[]]></system-err>
</testsuite>
