<?xml version="1.0" encoding="UTF-8" ?>
<testsuite errors="0" failures="0" hostname="Dell" name="org.cashforward.persistence.PaymentCalculationTest" tests="1" time="7.704" timestamp="2008-05-15T02:34:02">
  <properties>
[...]
</properties>
  <testcase classname="org.cashforward.persistence.PaymentCalculationTest" name="testPaymentConsolidation" time="0.5" />
  <system-out><![CDATA[Hibernate: select label0_.ID as ID1_, label0_.NAME as NAME1_ from LABEL label0_ where label0_.NAME=?
Hibernate: insert into LABEL (ID, NAME) values (null, ?)
Hibernate: select payee0_.ID as ID3_, payee0_.NAME as NAME3_ from PAYEE payee0_ where payee0_.NAME=?
Hibernate: insert into PAYEE (ID, NAME) values (null, ?)
Hibernate: insert into PAYMENT (ID, AMOUNT, END_DATE, OCCURENCE, payee_ID, START_DATE) values (null, ?, ?, ?, ?, ?)
Hibernate: insert into PAYMENT_OVERRIDE (ID, AMOUNT, payment_ID, PAYMENT_DATE, SEQUENCE_INDEX) values (null, ?, ?, ?, ?)
Hibernate: insert into PAYMENT_LABEL (LABEL_ID, PAYMENT_ID) values (?, ?)
Payment was added:1
]]></system-out>
  <system-err><![CDATA[May 14, 2008 10:34:02 PM org.hibernate.cfg.annotations.Version <clinit>
INFO: Hibernate Annotations 3.3.1.GA
May 14, 2008 10:34:03 PM org.hibernate.cfg.Environment <clinit>
INFO: Hibernate 3.2.5
May 14, 2008 10:34:03 PM org.hibernate.cfg.Environment <clinit>
INFO: hibernate.properties not found
May 14, 2008 10:34:03 PM org.hibernate.cfg.Environment buildBytecodeProvider
INFO: Bytecode provider name : cglib
May 14, 2008 10:34:03 PM org.hibernate.cfg.Environment <clinit>
INFO: using JDK 1.4 java.sql.Timestamp handling
May 14, 2008 10:34:03 PM org.hibernate.ejb.Version <clinit>
INFO: Hibernate EntityManager 3.3.2.GA
May 14, 2008 10:34:04 PM org.hibernate.cfg.AnnotationBinder bindClass
INFO: Binding entity from annotated class: org.cashforward.model.PaymentOverride
May 14, 2008 10:34:05 PM org.hibernate.cfg.annotations.EntityBinder bindTable
INFO: Bind entity org.cashforward.model.PaymentOverride on table PAYMENT_OVERRIDE
May 14, 2008 10:34:05 PM org.hibernate.cfg.AnnotationBinder bindClass
INFO: Binding entity from annotated class: org.cashforward.model.Label
May 14, 2008 10:34:05 PM org.hibernate.cfg.annotations.QueryBinder bindQuery
INFO: Binding Named query: Label.findById => SELECT l FROM Label l WHERE l.id = :id
May 14, 2008 10:34:05 PM org.hibernate.cfg.annotations.QueryBinder bindQuery
INFO: Binding Named query: Label.findByName => SELECT l FROM Label l WHERE l.name = :name
May 14, 2008 10:34:05 PM org.hibernate.cfg.annotations.EntityBinder bindTable
INFO: Bind entity org.cashforward.model.Label on table LABEL
May 14, 2008 10:34:05 PM org.hibernate.cfg.AnnotationBinder bindClass
INFO: Binding entity from annotated class: org.cashforward.model.Payment
May 14, 2008 10:34:05 PM org.hibernate.cfg.annotations.EntityBinder bindTable
INFO: Bind entity org.cashforward.model.Payment on table PAYMENT
May 14, 2008 10:34:05 PM org.hibernate.cfg.AnnotationBinder bindClass
INFO: Binding entity from annotated class: org.cashforward.model.Payee
May 14, 2008 10:34:05 PM org.hibernate.cfg.annotations.QueryBinder bindQuery
INFO: Binding Named query: Payee.findById => SELECT p FROM Payee p WHERE p.id = :id
May 14, 2008 10:34:05 PM org.hibernate.cfg.annotations.QueryBinder bindQuery
INFO: Binding Named query: Payee.findByName => SELECT p FROM Payee p WHERE p.name = :name
May 14, 2008 10:34:05 PM org.hibernate.cfg.annotations.EntityBinder bindTable
INFO: Bind entity org.cashforward.model.Payee on table PAYEE
May 14, 2008 10:34:05 PM org.hibernate.cfg.annotations.CollectionBinder bindOneToManySecondPass
INFO: Mapping collection: org.cashforward.model.Payment.overrides -> PAYMENT_OVERRIDE
May 14, 2008 10:34:05 PM org.hibernate.cfg.AnnotationConfiguration secondPassCompile
INFO: Hibernate Validator not found: ignoring
May 14, 2008 10:34:05 PM org.hibernate.connection.DriverManagerConnectionProvider configure
INFO: Using Hibernate built-in connection pool (not for production use!)
May 14, 2008 10:34:05 PM org.hibernate.connection.DriverManagerConnectionProvider configure
INFO: Hibernate connection pool size: 20
May 14, 2008 10:34:05 PM org.hibernate.connection.DriverManagerConnectionProvider configure
INFO: autocommit mode: true
May 14, 2008 10:34:05 PM org.hibernate.connection.DriverManagerConnectionProvider configure
INFO: using driver: org.h2.Driver at URL: jdbc:h2:cashflow_test;FILE_LOCK=NO
May 14, 2008 10:34:05 PM org.hibernate.connection.DriverManagerConnectionProvider configure
INFO: connection properties: {user=sa, password=****, autocommit=true, release_mode=auto}
May 14, 2008 10:34:06 PM org.hibernate.cfg.SettingsFactory buildSettings
INFO: RDBMS: H2, version: 1.0.72 (2008-05-10)
May 14, 2008 10:34:06 PM org.hibernate.cfg.SettingsFactory buildSettings
INFO: JDBC driver: H2 JDBC Driver, version: 1.0.72 (2008-05-10)
May 14, 2008 10:34:06 PM org.hibernate.dialect.Dialect <init>
INFO: Using dialect: org.hibernate.dialect.H2Dialect
May 14, 2008 10:34:06 PM org.hibernate.transaction.TransactionFactoryFactory buildTransactionFactory
INFO: Transaction strategy: org.hibernate.transaction.JDBCTransactionFactory
May 14, 2008 10:34:06 PM org.hibernate.transaction.TransactionManagerLookupFactory getTransactionManagerLookup
INFO: No TransactionManagerLookup configured (in JTA environment, use of read-write or transactional second-level cache is not recommended)
May 14, 2008 10:34:06 PM org.hibernate.cfg.SettingsFactory buildSettings
INFO: Automatic flush during beforeCompletion(): disabled
May 14, 2008 10:34:06 PM org.hibernate.cfg.SettingsFactory buildSettings
INFO: Automatic session close at end of transaction: disabled
May 14, 2008 10:34:06 PM org.hibernate.cfg.SettingsFactory buildSettings
INFO: JDBC batch size: 15
May 14, 2008 10:34:06 PM org.hibernate.cfg.SettingsFactory buildSettings
INFO: JDBC batch updates for versioned data: disabled
May 14, 2008 10:34:06 PM org.hibernate.cfg.SettingsFactory buildSettings
INFO: Scrollable result sets: enabled
May 14, 2008 10:34:06 PM org.hibernate.cfg.SettingsFactory buildSettings
INFO: JDBC3 getGeneratedKeys(): enabled
May 14, 2008 10:34:06 PM org.hibernate.cfg.SettingsFactory buildSettings
INFO: Connection release mode: auto
May 14, 2008 10:34:06 PM org.hibernate.cfg.SettingsFactory buildSettings
INFO: Default batch fetch size: 1
May 14, 2008 10:34:06 PM org.hibernate.cfg.SettingsFactory buildSettings
INFO: Generate SQL with comments: disabled
May 14, 2008 10:34:06 PM org.hibernate.cfg.SettingsFactory buildSettings
INFO: Order SQL updates by primary key: disabled
May 14, 2008 10:34:06 PM org.hibernate.cfg.SettingsFactory buildSettings
INFO: Order SQL inserts for batching: disabled
May 14, 2008 10:34:06 PM org.hibernate.cfg.SettingsFactory createQueryTranslatorFactory
INFO: Query translator: org.hibernate.hql.ast.ASTQueryTranslatorFactory
May 14, 2008 10:34:06 PM org.hibernate.hql.ast.ASTQueryTranslatorFactory <init>
INFO: Using ASTQueryTranslatorFactory
May 14, 2008 10:34:06 PM org.hibernate.cfg.SettingsFactory buildSettings
INFO: Query language substitutions: {}
May 14, 2008 10:34:06 PM org.hibernate.cfg.SettingsFactory buildSettings
INFO: JPA-QL strict compliance: enabled
May 14, 2008 10:34:06 PM org.hibernate.cfg.SettingsFactory buildSettings
INFO: Second-level cache: enabled
May 14, 2008 10:34:06 PM org.hibernate.cfg.SettingsFactory buildSettings
INFO: Query cache: disabled
May 14, 2008 10:34:06 PM org.hibernate.cfg.SettingsFactory createCacheProvider
INFO: Cache provider: org.hibernate.cache.NoCacheProvider
May 14, 2008 10:34:06 PM org.hibernate.cfg.SettingsFactory buildSettings
INFO: Optimize cache for minimal puts: disabled
May 14, 2008 10:34:06 PM org.hibernate.cfg.SettingsFactory buildSettings
INFO: Structured second-level cache entries: disabled
May 14, 2008 10:34:07 PM org.hibernate.cfg.SettingsFactory buildSettings
INFO: Echoing all SQL to stdout
May 14, 2008 10:34:07 PM org.hibernate.cfg.SettingsFactory buildSettings
INFO: Statistics: disabled
May 14, 2008 10:34:07 PM org.hibernate.cfg.SettingsFactory buildSettings
INFO: Deleted entity synthetic identifier rollback: disabled
May 14, 2008 10:34:07 PM org.hibernate.cfg.SettingsFactory buildSettings
INFO: Default entity-mode: pojo
May 14, 2008 10:34:07 PM org.hibernate.cfg.SettingsFactory buildSettings
INFO: Named query checking : enabled
May 14, 2008 10:34:07 PM org.hibernate.impl.SessionFactoryImpl <init>
INFO: building session factory
May 14, 2008 10:34:08 PM org.hibernate.impl.SessionFactoryObjectFactory addInstance
INFO: Not binding factory to JNDI, no JNDI name configured
May 14, 2008 10:34:08 PM org.hibernate.tool.hbm2ddl.SchemaExport execute
INFO: Running hbm2ddl schema export
May 14, 2008 10:34:08 PM org.hibernate.tool.hbm2ddl.SchemaExport execute
INFO: exporting generated schema to database
May 14, 2008 10:34:08 PM org.hibernate.tool.hbm2ddl.SchemaExport execute
INFO: schema export complete
]]></system-err>
</testsuite>
